internal/modules/cjs/loader.js:584
    throw err;
    ^

Error: Cannot find module 'bcrypt'
    at Function.Module._resolveFilename (internal/modules/cjs/loader.js:582:15)
    at Function.Module._load (internal/modules/cjs/loader.js:508:25)
    at Module.require (internal/modules/cjs/loader.js:637:17)
    at require (internal/modules/cjs/helpers.js:22:18)
    at Object.<anonymous> (C:\Users\a.shi\my_krypto_cloud\app\model\userModel.js:5:14)
    at Module._compile (internal/modules/cjs/loader.js:701:30)
    at Object.Module._extensions..js (internal/modules/cjs/loader.js:712:10)
    at Module.load (internal/modules/cjs/loader.js:600:32)
    at tryModuleLoad (internal/modules/cjs/loader.js:539:12)
    at Function.Module._load (internal/modules/cjs/loader.js:531:3)
    at Module.require (internal/modules/cjs/loader.js:637:17)
    at require (internal/modules/cjs/helpers.js:22:18)
    at Object.<anonymous> (C:\Users\a.shi\my_krypto_cloud\app\common\passportStrategy.js:6:12)
    at Module._compile (internal/modules/cjs/loader.js:701:30)
    at Object.Module._extensions..js (internal/modules/cjs/loader.js:712:10)
    at Module.load (internal/modules/cjs/loader.js:600:32)
internal/modules/cjs/loader.js:584
    throw err;
    ^

Error: Cannot find module 'bcrypt'
    at Function.Module._resolveFilename (internal/modules/cjs/loader.js:582:15)
    at Function.Module._load (internal/modules/cjs/loader.js:508:25)
    at Module.require (internal/modules/cjs/loader.js:637:17)
    at require (internal/modules/cjs/helpers.js:22:18)
    at Object.<anonymous> (C:\Users\a.shi\my_krypto_cloud\app\model\userModel.js:5:14)
    at Module._compile (internal/modules/cjs/loader.js:701:30)
    at Object.Module._extensions..js (internal/modules/cjs/loader.js:712:10)
    at Module.load (internal/modules/cjs/loader.js:600:32)
    at tryModuleLoad (internal/modules/cjs/loader.js:539:12)
    at Function.Module._load (internal/modules/cjs/loader.js:531:3)
    at Module.require (internal/modules/cjs/loader.js:637:17)
    at require (internal/modules/cjs/helpers.js:22:18)
    at Object.<anonymous> (C:\Users\a.shi\my_krypto_cloud\app\common\passportStrategy.js:6:12)
    at Module._compile (internal/modules/cjs/loader.js:701:30)
    at Object.Module._extensions..js (internal/modules/cjs/loader.js:712:10)
    at Module.load (internal/modules/cjs/loader.js:600:32)
internal/modules/cjs/loader.js:584
    throw err;
    ^

Error: Cannot find module 'bcrypt'
    at Function.Module._resolveFilename (internal/modules/cjs/loader.js:582:15)
    at Function.Module._load (internal/modules/cjs/loader.js:508:25)
    at Module.require (internal/modules/cjs/loader.js:637:17)
    at require (internal/modules/cjs/helpers.js:22:18)
    at Object.<anonymous> (C:\Users\a.shi\my_krypto_cloud\app\model\userModel.js:5:14)
    at Module._compile (internal/modules/cjs/loader.js:701:30)
    at Object.Module._extensions..js (internal/modules/cjs/loader.js:712:10)
    at Module.load (internal/modules/cjs/loader.js:600:32)
    at tryModuleLoad (internal/modules/cjs/loader.js:539:12)
    at Function.Module._load (internal/modules/cjs/loader.js:531:3)
    at Module.require (internal/modules/cjs/loader.js:637:17)
    at require (internal/modules/cjs/helpers.js:22:18)
    at Object.<anonymous> (C:\Users\a.shi\my_krypto_cloud\app\common\passportStrategy.js:6:12)
    at Module._compile (internal/modules/cjs/loader.js:701:30)
    at Object.Module._extensions..js (internal/modules/cjs/loader.js:712:10)
    at Module.load (internal/modules/cjs/loader.js:600:32)
C:\Users\a.shi\my_krypto_cloud\node_modules\node-windows\lib\wrapper.js:177
    child.send('shutdown');
          ^

TypeError: Cannot read property 'send' of null
    at process.killkid (C:\Users\a.shi\my_krypto_cloud\node_modules\node-windows\lib\wrapper.js:177:11)
    at process.emit (events.js:189:13)
    at process.exit (internal/process/per_thread.js:168:15)
    at monitor (C:\Users\a.shi\my_krypto_cloud\node_modules\node-windows\lib\wrapper.js:99:17)
    at ChildProcess.<anonymous> (C:\Users\a.shi\my_krypto_cloud\node_modules\node-windows\lib\wrapper.js:170:5)
    at ChildProcess.emit (events.js:189:13)
    at Process.ChildProcess._handle.onexit (internal/child_process.js:248:12)
C:\Users\a.shi\my_krypto_cloud\node_modules\bindings\bindings.js:83
        throw e
        ^

Error: \\?\C:\Users\a.shi\my_krypto_cloud\node_modules\ref\build\Release\binding.node is not a valid Win32 application.
\\?\C:\Users\a.shi\my_krypto_cloud\node_modules\ref\build\Release\binding.node
    at Object.Module._extensions..node (internal/modules/cjs/loader.js:730:18)
    at Module.load (internal/modules/cjs/loader.js:600:32)
    at tryModuleLoad (internal/modules/cjs/loader.js:539:12)
    at Function.Module._load (internal/modules/cjs/loader.js:531:3)
    at Module.require (internal/modules/cjs/loader.js:637:17)
    at require (internal/modules/cjs/helpers.js:22:18)
    at bindings (C:\Users\a.shi\my_krypto_cloud\node_modules\bindings\bindings.js:76:44)
    at Object.<anonymous> (C:\Users\a.shi\my_krypto_cloud\node_modules\ref\lib\ref.js:5:47)
    at Module._compile (internal/modules/cjs/loader.js:701:30)
    at Object.Module._extensions..js (internal/modules/cjs/loader.js:712:10)
    at Module.load (internal/modules/cjs/loader.js:600:32)
    at tryModuleLoad (internal/modules/cjs/loader.js:539:12)
    at Function.Module._load (internal/modules/cjs/loader.js:531:3)
    at Module.require (internal/modules/cjs/loader.js:637:17)
    at require (internal/modules/cjs/helpers.js:22:18)
    at Object.<anonymous> (C:\Users\a.shi\my_krypto_cloud\node_modules\ffi\lib\ffi.js:6:11)
C:\Users\a.shi\my_krypto_cloud\node_modules\bindings\bindings.js:83
        throw e
        ^

Error: \\?\C:\Users\a.shi\my_krypto_cloud\node_modules\ref\build\Release\binding.node is not a valid Win32 application.
\\?\C:\Users\a.shi\my_krypto_cloud\node_modules\ref\build\Release\binding.node
    at Object.Module._extensions..node (internal/modules/cjs/loader.js:730:18)
    at Module.load (internal/modules/cjs/loader.js:600:32)
    at tryModuleLoad (internal/modules/cjs/loader.js:539:12)
    at Function.Module._load (internal/modules/cjs/loader.js:531:3)
    at Module.require (internal/modules/cjs/loader.js:637:17)
    at require (internal/modules/cjs/helpers.js:22:18)
    at bindings (C:\Users\a.shi\my_krypto_cloud\node_modules\bindings\bindings.js:76:44)
    at Object.<anonymous> (C:\Users\a.shi\my_krypto_cloud\node_modules\ref\lib\ref.js:5:47)
    at Module._compile (internal/modules/cjs/loader.js:701:30)
    at Object.Module._extensions..js (internal/modules/cjs/loader.js:712:10)
    at Module.load (internal/modules/cjs/loader.js:600:32)
    at tryModuleLoad (internal/modules/cjs/loader.js:539:12)
    at Function.Module._load (internal/modules/cjs/loader.js:531:3)
    at Module.require (internal/modules/cjs/loader.js:637:17)
    at require (internal/modules/cjs/helpers.js:22:18)
    at Object.<anonymous> (C:\Users\a.shi\my_krypto_cloud\node_modules\ffi\lib\ffi.js:6:11)
C:\Users\a.shi\my_krypto_cloud\node_modules\bindings\bindings.js:83
        throw e
        ^

Error: \\?\C:\Users\a.shi\my_krypto_cloud\node_modules\ref\build\Release\binding.node is not a valid Win32 application.
\\?\C:\Users\a.shi\my_krypto_cloud\node_modules\ref\build\Release\binding.node
    at Object.Module._extensions..node (internal/modules/cjs/loader.js:730:18)
    at Module.load (internal/modules/cjs/loader.js:600:32)
    at tryModuleLoad (internal/modules/cjs/loader.js:539:12)
    at Function.Module._load (internal/modules/cjs/loader.js:531:3)
    at Module.require (internal/modules/cjs/loader.js:637:17)
    at require (internal/modules/cjs/helpers.js:22:18)
    at bindings (C:\Users\a.shi\my_krypto_cloud\node_modules\bindings\bindings.js:76:44)
    at Object.<anonymous> (C:\Users\a.shi\my_krypto_cloud\node_modules\ref\lib\ref.js:5:47)
    at Module._compile (internal/modules/cjs/loader.js:701:30)
    at Object.Module._extensions..js (internal/modules/cjs/loader.js:712:10)
    at Module.load (internal/modules/cjs/loader.js:600:32)
    at tryModuleLoad (internal/modules/cjs/loader.js:539:12)
    at Function.Module._load (internal/modules/cjs/loader.js:531:3)
    at Module.require (internal/modules/cjs/loader.js:637:17)
    at require (internal/modules/cjs/helpers.js:22:18)
    at Object.<anonymous> (C:\Users\a.shi\my_krypto_cloud\node_modules\ffi\lib\ffi.js:6:11)
C:\Users\a.shi\my_krypto_cloud\node_modules\node-windows\lib\wrapper.js:177
    child.send('shutdown');
          ^

TypeError: Cannot read property 'send' of null
    at process.killkid (C:\Users\a.shi\my_krypto_cloud\node_modules\node-windows\lib\wrapper.js:177:11)
    at process.emit (events.js:189:13)
    at process.exit (internal/process/per_thread.js:168:15)
    at monitor (C:\Users\a.shi\my_krypto_cloud\node_modules\node-windows\lib\wrapper.js:99:17)
    at ChildProcess.<anonymous> (C:\Users\a.shi\my_krypto_cloud\node_modules\node-windows\lib\wrapper.js:170:5)
    at ChildProcess.emit (events.js:189:13)
    at Process.ChildProcess._handle.onexit (internal/child_process.js:248:12)
